Arguments: 
  /Users/hyunochoi/.nvm/versions/node/v17.0.0/bin/node /opt/homebrew/Cellar/yarn/1.22.19/libexec/bin/yarn.js publish

PATH: 
  /Users/hyunochoi/.nvm/versions/node/v17.0.0/bin:/opt/homebrew/bin:/opt/homebrew/sbin:/usr/local/bin:/System/Cryptexes/App/usr/bin:/usr/bin:/bin:/usr/sbin:/sbin:/Library/Apple/usr/bin:/Users/hyunochoi/.nvm/versions/node/v17.0.0/bin:/opt/homebrew/bin:/opt/homebrew/sbin:/Users/hyunochoi/.fig/bin:/Users/hyunochoi/.local/bin:/Users/hyunochoi/Library/Android/sdk/emulator:/Users/hyunochoi/Library/Android/sdk/platform-tools:/Users/hyunochoi/Library/Android/sdk/emulator:/Users/hyunochoi/Library/Android/sdk/platform-tools

Yarn version: 
  1.22.19

Node version: 
  17.0.0

Platform: 
  darwin arm64

Trace: 
  Error: canceled
      at Interface.<anonymous> (/opt/homebrew/Cellar/yarn/1.22.19/libexec/lib/cli.js:137150:13)
      at Interface.emit (node:events:390:28)
      at Interface.[_ttyWrite] [as _ttyWrite] (node:internal/readline/interface:973:18)
      at ReadStream.onkeypress (node:internal/readline/interface:240:20)
      at ReadStream.emit (node:events:390:28)
      at emitKeys (node:internal/readline/utils:358:14)
      at emitKeys.next (<anonymous>)
      at ReadStream.onData (node:internal/readline/emitKeypressEvents:64:36)
      at ReadStream.emit (node:events:390:28)
      at addChunk (node:internal/streams/readable:324:12)

npm manifest: 
  {
    "name": "coding-test",
    "version": "1.0.0",
    "main": "index.js",
    "repository": "https://github.com/soonitoon/coding-test.git",
    "author": "Hyuno Choi <soonitoon@gmail.com>",
    "license": "MIT",
    "scripts": {
      "publish": "bash ./scripts/publish.sh",
      "template": "bash ./scripts/template_maker.sh"
    }
  }

yarn manifest: 
  No manifest

Lockfile: 
  No lockfile
